2023-06-17 23:30:42,679 | INFO  | Using Persistence Adapter: KahaDBPersistenceAdapter[/home/flavia/Documentos/projetosJAVA/apache-activemq-5.18.1/bin/linux-x86-64/../../data/kahadb] | org.apache.activemq.broker.BrokerService | WrapperSimpleAppMain
2023-06-17 23:30:42,695 | INFO  | Starting Persistence Adapter: KahaDBPersistenceAdapter[/home/flavia/Documentos/projetosJAVA/apache-activemq-5.18.1/bin/linux-x86-64/../../data/kahadb] | org.apache.activemq.broker.BrokerService | WrapperSimpleAppMain
2023-06-17 23:30:42,725 | INFO  | Starting KahaDBStore | org.apache.activemq.store.kahadb.KahaDBStore | WrapperSimpleAppMain
2023-06-17 23:30:42,725 | INFO  | Opening MessageDatabase | org.apache.activemq.store.kahadb.MessageDatabase | WrapperSimpleAppMain
2023-06-17 23:30:43,079 | INFO  | Starting Temp Data Store | org.apache.activemq.broker.BrokerService | WrapperSimpleAppMain
2023-06-17 23:30:43,081 | INFO  | PListStore:[/home/flavia/Documentos/projetosJAVA/apache-activemq-5.18.1/bin/linux-x86-64/../../data/localhost/tmp_storage] started | org.apache.activemq.store.kahadb.plist.PListStoreImpl | WrapperSimpleAppMain
2023-06-17 23:30:43,081 | INFO  | Starting Job Scheduler Store | org.apache.activemq.broker.BrokerService | WrapperSimpleAppMain
2023-06-17 23:30:43,081 | INFO  | Persistence Adapter successfully started | org.apache.activemq.broker.BrokerService | WrapperSimpleAppMain
2023-06-17 23:30:43,245 | INFO  | Apache ActiveMQ 5.18.1 (localhost, ID:pc-flavia-38921-1687055443104-0:1) is starting | org.apache.activemq.broker.BrokerService | WrapperSimpleAppMain
2023-06-17 23:30:43,283 | INFO  | Listening for connections at: tcp://pc-flavia:61616?maximumConnections=1000&wireFormat.maxFrameSize=104857600 | org.apache.activemq.transport.TransportServerThreadSupport | WrapperSimpleAppMain
2023-06-17 23:30:43,284 | INFO  | Connector openwire started | org.apache.activemq.broker.TransportConnector | WrapperSimpleAppMain
2023-06-17 23:30:43,289 | INFO  | Listening for connections at: amqp://pc-flavia:5672?maximumConnections=1000&wireFormat.maxFrameSize=104857600 | org.apache.activemq.transport.TransportServerThreadSupport | WrapperSimpleAppMain
2023-06-17 23:30:43,290 | INFO  | Connector amqp started | org.apache.activemq.broker.TransportConnector | WrapperSimpleAppMain
2023-06-17 23:30:43,295 | INFO  | Listening for connections at: stomp://pc-flavia:61613?maximumConnections=1000&wireFormat.maxFrameSize=104857600 | org.apache.activemq.transport.TransportServerThreadSupport | WrapperSimpleAppMain
2023-06-17 23:30:43,295 | INFO  | Connector stomp started | org.apache.activemq.broker.TransportConnector | WrapperSimpleAppMain
2023-06-17 23:30:43,299 | INFO  | Listening for connections at: mqtt://pc-flavia:1883?maximumConnections=1000&wireFormat.maxFrameSize=104857600 | org.apache.activemq.transport.TransportServerThreadSupport | WrapperSimpleAppMain
2023-06-17 23:30:43,300 | INFO  | Connector mqtt started | org.apache.activemq.broker.TransportConnector | WrapperSimpleAppMain
2023-06-17 23:30:43,308 | INFO  | Starting Jetty server | org.apache.activemq.transport.WebTransportServerSupport | WrapperSimpleAppMain
2023-06-17 23:30:43,351 | INFO  | Creating Jetty connector | org.apache.activemq.transport.WebTransportServerSupport | WrapperSimpleAppMain
2023-06-17 23:30:43,432 | WARN  | ServletContext@o.e.j.s.ServletContextHandler@6488b8c0{/,null,STARTING} has uncovered http methods for path: / | org.eclipse.jetty.security.SecurityHandler | WrapperSimpleAppMain
2023-06-17 23:30:43,492 | INFO  | Listening for connections at ws://pc-flavia:61614?maximumConnections=1000&wireFormat.maxFrameSize=104857600 | org.apache.activemq.transport.ws.WSTransportServer | WrapperSimpleAppMain
2023-06-17 23:30:43,493 | INFO  | Connector ws started | org.apache.activemq.broker.TransportConnector | WrapperSimpleAppMain
2023-06-17 23:30:43,493 | INFO  | Apache ActiveMQ 5.18.1 (localhost, ID:pc-flavia-38921-1687055443104-0:1) started | org.apache.activemq.broker.BrokerService | WrapperSimpleAppMain
2023-06-17 23:30:43,493 | INFO  | For help or more information please see: http://activemq.apache.org | org.apache.activemq.broker.BrokerService | WrapperSimpleAppMain
2023-06-17 23:30:44,390 | INFO  | ActiveMQ WebConsole available at http://127.0.0.1:8161/ | org.apache.activemq.web.WebConsoleStarter | WrapperSimpleAppMain
2023-06-17 23:30:44,390 | INFO  | ActiveMQ Jolokia REST API available at http://127.0.0.1:8161/api/jolokia/ | org.apache.activemq.web.WebConsoleStarter | WrapperSimpleAppMain
2023-06-17 23:35:38,618 | INFO  | Connector vm://localhost started | org.apache.activemq.broker.TransportConnector | qtp1349129452-48
2023-06-18 00:27:40,619 | INFO  | Apache ActiveMQ 5.18.1 (localhost, ID:pc-flavia-38921-1687055443104-0:1) is shutting down | org.apache.activemq.broker.BrokerService | Thread-20
2023-06-18 00:27:40,630 | INFO  | Connector openwire stopped | org.apache.activemq.broker.TransportConnector | Thread-20
2023-06-18 00:27:40,632 | INFO  | Connector amqp stopped | org.apache.activemq.broker.TransportConnector | Thread-20
2023-06-18 00:27:40,634 | INFO  | Connector stomp stopped | org.apache.activemq.broker.TransportConnector | Thread-20
2023-06-18 00:27:40,634 | INFO  | Connector mqtt stopped | org.apache.activemq.broker.TransportConnector | Thread-20
2023-06-18 00:27:40,648 | INFO  | Connector ws stopped | org.apache.activemq.broker.TransportConnector | Thread-20
2023-06-18 00:27:40,655 | INFO  | Connector vm://localhost stopped | org.apache.activemq.broker.TransportConnector | Thread-20
2023-06-18 00:27:40,660 | INFO  | PListStore:[/home/flavia/Documentos/projetosJAVA/apache-activemq-5.18.1/bin/linux-x86-64/../../data/localhost/tmp_storage] stopped | org.apache.activemq.store.kahadb.plist.PListStoreImpl | Thread-20
2023-06-18 00:27:40,660 | INFO  | Stopping async queue tasks | org.apache.activemq.store.kahadb.KahaDBStore | Thread-20
2023-06-18 00:27:40,660 | INFO  | Stopping async topic tasks | org.apache.activemq.store.kahadb.KahaDBStore | Thread-20
2023-06-18 00:27:40,660 | INFO  | Stopped KahaDB | org.apache.activemq.store.kahadb.KahaDBStore | Thread-20
2023-06-18 00:27:40,673 | INFO  | Apache ActiveMQ 5.18.1 (localhost, ID:pc-flavia-38921-1687055443104-0:1) uptime 56 minutes | org.apache.activemq.broker.BrokerService | Thread-20
2023-06-18 00:27:40,673 | INFO  | Apache ActiveMQ 5.18.1 (localhost, ID:pc-flavia-38921-1687055443104-0:1) is shutdown | org.apache.activemq.broker.BrokerService | Thread-20
2023-06-18 19:01:23,199 | INFO  | Using Persistence Adapter: KahaDBPersistenceAdapter[/home/flavia/Documentos/projetosJAVA/apache-activemq-5.18.1/bin/linux-x86-64/../../data/kahadb] | org.apache.activemq.broker.BrokerService | WrapperSimpleAppMain
2023-06-18 19:01:23,216 | INFO  | Starting Persistence Adapter: KahaDBPersistenceAdapter[/home/flavia/Documentos/projetosJAVA/apache-activemq-5.18.1/bin/linux-x86-64/../../data/kahadb] | org.apache.activemq.broker.BrokerService | WrapperSimpleAppMain
2023-06-18 19:01:23,246 | INFO  | Starting KahaDBStore | org.apache.activemq.store.kahadb.KahaDBStore | WrapperSimpleAppMain
2023-06-18 19:01:23,247 | INFO  | Opening MessageDatabase | org.apache.activemq.store.kahadb.MessageDatabase | WrapperSimpleAppMain
2023-06-18 19:01:23,368 | INFO  | KahaDB is version 7 | org.apache.activemq.store.kahadb.MessageDatabase | WrapperSimpleAppMain
2023-06-18 19:01:23,776 | INFO  | Starting Temp Data Store | org.apache.activemq.broker.BrokerService | WrapperSimpleAppMain
2023-06-18 19:01:23,778 | INFO  | PListStore:[/home/flavia/Documentos/projetosJAVA/apache-activemq-5.18.1/bin/linux-x86-64/../../data/localhost/tmp_storage] started | org.apache.activemq.store.kahadb.plist.PListStoreImpl | WrapperSimpleAppMain
2023-06-18 19:01:23,778 | INFO  | Starting Job Scheduler Store | org.apache.activemq.broker.BrokerService | WrapperSimpleAppMain
2023-06-18 19:01:23,778 | INFO  | Persistence Adapter successfully started | org.apache.activemq.broker.BrokerService | WrapperSimpleAppMain
2023-06-18 19:01:23,991 | INFO  | Apache ActiveMQ 5.18.1 (localhost, ID:pc-flavia-44091-1687125683814-0:1) is starting | org.apache.activemq.broker.BrokerService | WrapperSimpleAppMain
2023-06-18 19:01:24,214 | INFO  | Listening for connections at: tcp://pc-flavia:61616?maximumConnections=1000&wireFormat.maxFrameSize=104857600 | org.apache.activemq.transport.TransportServerThreadSupport | WrapperSimpleAppMain
2023-06-18 19:01:24,215 | INFO  | Connector openwire started | org.apache.activemq.broker.TransportConnector | WrapperSimpleAppMain
2023-06-18 19:01:24,223 | INFO  | Listening for connections at: amqp://pc-flavia:5672?maximumConnections=1000&wireFormat.maxFrameSize=104857600 | org.apache.activemq.transport.TransportServerThreadSupport | WrapperSimpleAppMain
2023-06-18 19:01:24,224 | INFO  | Connector amqp started | org.apache.activemq.broker.TransportConnector | WrapperSimpleAppMain
2023-06-18 19:01:24,230 | INFO  | Listening for connections at: stomp://pc-flavia:61613?maximumConnections=1000&wireFormat.maxFrameSize=104857600 | org.apache.activemq.transport.TransportServerThreadSupport | WrapperSimpleAppMain
2023-06-18 19:01:24,231 | INFO  | Connector stomp started | org.apache.activemq.broker.TransportConnector | WrapperSimpleAppMain
2023-06-18 19:01:24,237 | INFO  | Listening for connections at: mqtt://pc-flavia:1883?maximumConnections=1000&wireFormat.maxFrameSize=104857600 | org.apache.activemq.transport.TransportServerThreadSupport | WrapperSimpleAppMain
2023-06-18 19:01:24,238 | INFO  | Connector mqtt started | org.apache.activemq.broker.TransportConnector | WrapperSimpleAppMain
2023-06-18 19:01:24,250 | INFO  | Starting Jetty server | org.apache.activemq.transport.WebTransportServerSupport | WrapperSimpleAppMain
2023-06-18 19:01:24,338 | INFO  | Creating Jetty connector | org.apache.activemq.transport.WebTransportServerSupport | WrapperSimpleAppMain
2023-06-18 19:01:24,442 | WARN  | ServletContext@o.e.j.s.ServletContextHandler@4554790f{/,null,STARTING} has uncovered http methods for path: / | org.eclipse.jetty.security.SecurityHandler | WrapperSimpleAppMain
2023-06-18 19:01:24,580 | INFO  | Listening for connections at ws://pc-flavia:61614?maximumConnections=1000&wireFormat.maxFrameSize=104857600 | org.apache.activemq.transport.ws.WSTransportServer | WrapperSimpleAppMain
2023-06-18 19:01:24,581 | INFO  | Connector ws started | org.apache.activemq.broker.TransportConnector | WrapperSimpleAppMain
2023-06-18 19:01:24,582 | INFO  | Apache ActiveMQ 5.18.1 (localhost, ID:pc-flavia-44091-1687125683814-0:1) started | org.apache.activemq.broker.BrokerService | WrapperSimpleAppMain
2023-06-18 19:01:24,582 | INFO  | For help or more information please see: http://activemq.apache.org | org.apache.activemq.broker.BrokerService | WrapperSimpleAppMain
2023-06-18 19:01:25,743 | INFO  | ActiveMQ WebConsole available at http://127.0.0.1:8161/ | org.apache.activemq.web.WebConsoleStarter | WrapperSimpleAppMain
2023-06-18 19:01:25,743 | INFO  | ActiveMQ Jolokia REST API available at http://127.0.0.1:8161/api/jolokia/ | org.apache.activemq.web.WebConsoleStarter | WrapperSimpleAppMain
2023-06-18 20:14:09,944 | INFO  | Apache ActiveMQ 5.18.1 (localhost, ID:pc-flavia-44091-1687125683814-0:1) is shutting down | org.apache.activemq.broker.BrokerService | Thread-22
2023-06-18 20:14:09,952 | INFO  | Connector openwire stopped | org.apache.activemq.broker.TransportConnector | Thread-22
2023-06-18 20:14:09,953 | INFO  | Connector amqp stopped | org.apache.activemq.broker.TransportConnector | Thread-22
2023-06-18 20:14:09,954 | INFO  | Connector stomp stopped | org.apache.activemq.broker.TransportConnector | Thread-22
2023-06-18 20:14:09,954 | INFO  | socketQueue interrupted - stopping | org.apache.activemq.transport.tcp.TcpTransportServer | ActiveMQ Transport Server Thread Handler: stomp://0.0.0.0:61613?maximumConnections=1000&wireFormat.maxFrameSize=104857600
2023-06-18 20:14:09,955 | INFO  | Could not accept connection during shutdown  : null (null) | org.apache.activemq.broker.TransportConnector | ActiveMQ Transport Server Thread Handler: stomp://0.0.0.0:61613?maximumConnections=1000&wireFormat.maxFrameSize=104857600
2023-06-18 20:14:09,955 | INFO  | Connector mqtt stopped | org.apache.activemq.broker.TransportConnector | Thread-22
2023-06-18 20:14:09,968 | INFO  | Connector ws stopped | org.apache.activemq.broker.TransportConnector | Thread-22
2023-06-18 20:14:09,974 | INFO  | PListStore:[/home/flavia/Documentos/projetosJAVA/apache-activemq-5.18.1/bin/linux-x86-64/../../data/localhost/tmp_storage] stopped | org.apache.activemq.store.kahadb.plist.PListStoreImpl | Thread-22
2023-06-18 20:14:09,974 | INFO  | Stopping async queue tasks | org.apache.activemq.store.kahadb.KahaDBStore | Thread-22
2023-06-18 20:14:09,974 | INFO  | Stopping async topic tasks | org.apache.activemq.store.kahadb.KahaDBStore | Thread-22
2023-06-18 20:14:09,975 | INFO  | Stopped KahaDB | org.apache.activemq.store.kahadb.KahaDBStore | Thread-22
2023-06-18 20:14:09,989 | INFO  | Apache ActiveMQ 5.18.1 (localhost, ID:pc-flavia-44091-1687125683814-0:1) uptime 1 hour 12 minutes | org.apache.activemq.broker.BrokerService | Thread-22
2023-06-18 20:14:09,990 | INFO  | Apache ActiveMQ 5.18.1 (localhost, ID:pc-flavia-44091-1687125683814-0:1) is shutdown | org.apache.activemq.broker.BrokerService | Thread-22
2023-06-18 20:21:27,046 | ERROR | Failed to load: class path resource [activemq.xml], reason: Line 136 in XML document from class path resource [activemq.xml] is invalid; nested exception is org.xml.sax.SAXParseException; lineNumber: 136; columnNumber: 19; cvc-complex-type.2.4.a: Foi detectado um conteúdo inválido começando com o elemento '{"http://activemq.apache.org/schema/core":serializables}'. Era esperado um dos '{"http://activemq.apache.org/schema/core":authorizationPlugin, "http://activemq.apache.org/schema/core":connectionDotFilePlugin, "http://activemq.apache.org/schema/core":destinationDotFilePlugin, "http://activemq.apache.org/schema/core":destinationPathSeparatorPlugin, "http://activemq.apache.org/schema/core":destinationsPlugin, "http://activemq.apache.org/schema/core":discardingDLQBrokerPlugin, "http://activemq.apache.org/schema/core":forcePersistencyModeBrokerPlugin, "http://activemq.apache.org/schema/core":jaasAuthenticationPlugin, "http://activemq.apache.org/schema/core":jaasCertificateAuthenticationPlugin, "http://activemq.apache.org/schema/core":jaasDualAuthenticationPlugin, "http://activemq.apache.org/schema/core":loggingBrokerPlugin, "http://activemq.apache.org/schema/core":multicastTraceBrokerPlugin, "http://activemq.apache.org/schema/core":partitionBrokerPlugin, "http://activemq.apache.org/schema/core":redeliveryPlugin, "http://activemq.apache.org/schema/core":runtimeConfigurationPlugin, "http://activemq.apache.org/schema/core":simpleAuthenticationPlugin, "http://activemq.apache.org/schema/core":statisticsBrokerPlugin, "http://activemq.apache.org/schema/core":timeStampingBrokerPlugin, "http://activemq.apache.org/schema/core":traceBrokerPathPlugin, "http://activemq.apache.org/schema/core":udpTraceBrokerPlugin, "http://activemq.apache.org/schema/core":virtualSelectorCacheBrokerPlugin, WC[##other:"http://activemq.apache.org/schema/core"]}'. | org.apache.activemq.xbean.XBeanBrokerFactory | WrapperSimpleAppMain
org.springframework.beans.factory.xml.XmlBeanDefinitionStoreException: Line 136 in XML document from class path resource [activemq.xml] is invalid; nested exception is org.xml.sax.SAXParseException; lineNumber: 136; columnNumber: 19; cvc-complex-type.2.4.a: Foi detectado um conteúdo inválido começando com o elemento '{"http://activemq.apache.org/schema/core":serializables}'. Era esperado um dos '{"http://activemq.apache.org/schema/core":authorizationPlugin, "http://activemq.apache.org/schema/core":connectionDotFilePlugin, "http://activemq.apache.org/schema/core":destinationDotFilePlugin, "http://activemq.apache.org/schema/core":destinationPathSeparatorPlugin, "http://activemq.apache.org/schema/core":destinationsPlugin, "http://activemq.apache.org/schema/core":discardingDLQBrokerPlugin, "http://activemq.apache.org/schema/core":forcePersistencyModeBrokerPlugin, "http://activemq.apache.org/schema/core":jaasAuthenticationPlugin, "http://activemq.apache.org/schema/core":jaasCertificateAuthenticationPlugin, "http://activemq.apache.org/schema/core":jaasDualAuthenticationPlugin, "http://activemq.apache.org/schema/core":loggingBrokerPlugin, "http://activemq.apache.org/schema/core":multicastTraceBrokerPlugin, "http://activemq.apache.org/schema/core":partitionBrokerPlugin, "http://activemq.apache.org/schema/core":redeliveryPlugin, "http://activemq.apache.org/schema/core":runtimeConfigurationPlugin, "http://activemq.apache.org/schema/core":simpleAuthenticationPlugin, "http://activemq.apache.org/schema/core":statisticsBrokerPlugin, "http://activemq.apache.org/schema/core":timeStampingBrokerPlugin, "http://activemq.apache.org/schema/core":traceBrokerPathPlugin, "http://activemq.apache.org/schema/core":udpTraceBrokerPlugin, "http://activemq.apache.org/schema/core":virtualSelectorCacheBrokerPlugin, WC[##other:"http://activemq.apache.org/schema/core"]}'.
	at org.springframework.beans.factory.xml.XmlBeanDefinitionReader.doLoadBeanDefinitions(XmlBeanDefinitionReader.java:402)
	at org.springframework.beans.factory.xml.XmlBeanDefinitionReader.loadBeanDefinitions(XmlBeanDefinitionReader.java:338)
	at org.springframework.beans.factory.xml.XmlBeanDefinitionReader.loadBeanDefinitions(XmlBeanDefinitionReader.java:310)
	at org.apache.xbean.spring.context.ResourceXmlApplicationContext.loadBeanDefinitions(ResourceXmlApplicationContext.java:116)
	at org.apache.xbean.spring.context.ResourceXmlApplicationContext.loadBeanDefinitions(ResourceXmlApplicationContext.java:104)
	at org.springframework.context.support.AbstractRefreshableApplicationContext.refreshBeanFactory(AbstractRefreshableApplicationContext.java:130)
	at org.springframework.context.support.AbstractApplicationContext.obtainFreshBeanFactory(AbstractApplicationContext.java:671)
	at org.springframework.context.support.AbstractApplicationContext.refresh(AbstractApplicationContext.java:553)
	at org.apache.xbean.spring.context.ResourceXmlApplicationContext.<init>(ResourceXmlApplicationContext.java:64)
	at org.apache.xbean.spring.context.ResourceXmlApplicationContext.<init>(ResourceXmlApplicationContext.java:52)
	at org.apache.activemq.xbean.XBeanBrokerFactory$1.<init>(XBeanBrokerFactory.java:104)
	at org.apache.activemq.xbean.XBeanBrokerFactory.createApplicationContext(XBeanBrokerFactory.java:104)
	at org.apache.activemq.xbean.XBeanBrokerFactory.createBroker(XBeanBrokerFactory.java:67)
	at org.apache.activemq.broker.BrokerFactory.createBroker(BrokerFactory.java:71)
	at org.apache.activemq.broker.BrokerFactory.createBroker(BrokerFactory.java:54)
	at org.apache.activemq.console.command.StartCommand.runTask(StartCommand.java:87)
	at org.apache.activemq.console.command.AbstractCommand.execute(AbstractCommand.java:63)
	at org.apache.activemq.console.command.ShellCommand.runTask(ShellCommand.java:154)
	at org.apache.activemq.console.command.AbstractCommand.execute(AbstractCommand.java:63)
	at org.apache.activemq.console.command.ShellCommand.main(ShellCommand.java:104)
	at java.base/jdk.internal.reflect.NativeMethodAccessorImpl.invoke0(Native Method)
	at java.base/jdk.internal.reflect.NativeMethodAccessorImpl.invoke(NativeMethodAccessorImpl.java:62)
	at java.base/jdk.internal.reflect.DelegatingMethodAccessorImpl.invoke(DelegatingMethodAccessorImpl.java:43)
	at java.base/java.lang.reflect.Method.invoke(Method.java:566)
	at org.apache.activemq.console.Main.runTaskClass(Main.java:262)
	at org.apache.activemq.console.Main.main(Main.java:115)
	at java.base/jdk.internal.reflect.NativeMethodAccessorImpl.invoke0(Native Method)
	at java.base/jdk.internal.reflect.NativeMethodAccessorImpl.invoke(NativeMethodAccessorImpl.java:62)
	at java.base/jdk.internal.reflect.DelegatingMethodAccessorImpl.invoke(DelegatingMethodAccessorImpl.java:43)
	at java.base/java.lang.reflect.Method.invoke(Method.java:566)
	at org.tanukisoftware.wrapper.WrapperSimpleApp.run(WrapperSimpleApp.java:240)
	at java.base/java.lang.Thread.run(Thread.java:829)
Caused by: org.xml.sax.SAXParseException; lineNumber: 136; columnNumber: 19; cvc-complex-type.2.4.a: Foi detectado um conteúdo inválido começando com o elemento '{"http://activemq.apache.org/schema/core":serializables}'. Era esperado um dos '{"http://activemq.apache.org/schema/core":authorizationPlugin, "http://activemq.apache.org/schema/core":connectionDotFilePlugin, "http://activemq.apache.org/schema/core":destinationDotFilePlugin, "http://activemq.apache.org/schema/core":destinationPathSeparatorPlugin, "http://activemq.apache.org/schema/core":destinationsPlugin, "http://activemq.apache.org/schema/core":discardingDLQBrokerPlugin, "http://activemq.apache.org/schema/core":forcePersistencyModeBrokerPlugin, "http://activemq.apache.org/schema/core":jaasAuthenticationPlugin, "http://activemq.apache.org/schema/core":jaasCertificateAuthenticationPlugin, "http://activemq.apache.org/schema/core":jaasDualAuthenticationPlugin, "http://activemq.apache.org/schema/core":loggingBrokerPlugin, "http://activemq.apache.org/schema/core":multicastTraceBrokerPlugin, "http://activemq.apache.org/schema/core":partitionBrokerPlugin, "http://activemq.apache.org/schema/core":redeliveryPlugin, "http://activemq.apache.org/schema/core":runtimeConfigurationPlugin, "http://activemq.apache.org/schema/core":simpleAuthenticationPlugin, "http://activemq.apache.org/schema/core":statisticsBrokerPlugin, "http://activemq.apache.org/schema/core":timeStampingBrokerPlugin, "http://activemq.apache.org/schema/core":traceBrokerPathPlugin, "http://activemq.apache.org/schema/core":udpTraceBrokerPlugin, "http://activemq.apache.org/schema/core":virtualSelectorCacheBrokerPlugin, WC[##other:"http://activemq.apache.org/schema/core"]}'.
	at java.xml/com.sun.org.apache.xerces.internal.util.ErrorHandlerWrapper.createSAXParseException(ErrorHandlerWrapper.java:204)
	at java.xml/com.sun.org.apache.xerces.internal.util.ErrorHandlerWrapper.error(ErrorHandlerWrapper.java:135)
	at java.xml/com.sun.org.apache.xerces.internal.impl.XMLErrorReporter.reportError(XMLErrorReporter.java:396)
	at java.xml/com.sun.org.apache.xerces.internal.impl.XMLErrorReporter.reportError(XMLErrorReporter.java:327)
	at java.xml/com.sun.org.apache.xerces.internal.impl.XMLErrorReporter.reportError(XMLErrorReporter.java:284)
	at java.xml/com.sun.org.apache.xerces.internal.impl.xs.XMLSchemaValidator$XSIErrorReporter.reportError(XMLSchemaValidator.java:511)
	at java.xml/com.sun.org.apache.xerces.internal.impl.xs.XMLSchemaValidator.reportSchemaError(XMLSchemaValidator.java:3599)
	at java.xml/com.sun.org.apache.xerces.internal.impl.xs.XMLSchemaValidator.handleStartElement(XMLSchemaValidator.java:1971)
	at java.xml/com.sun.org.apache.xerces.internal.impl.xs.XMLSchemaValidator.startElement(XMLSchemaValidator.java:829)
	at java.xml/com.sun.org.apache.xerces.internal.impl.XMLNSDocumentScannerImpl.scanStartElement(XMLNSDocumentScannerImpl.java:374)
	at java.xml/com.sun.org.apache.xerces.internal.impl.XMLDocumentFragmentScannerImpl$FragmentContentDriver.next(XMLDocumentFragmentScannerImpl.java:2710)
	at java.xml/com.sun.org.apache.xerces.internal.impl.XMLDocumentScannerImpl.next(XMLDocumentScannerImpl.java:605)
	at java.xml/com.sun.org.apache.xerces.internal.impl.XMLNSDocumentScannerImpl.next(XMLNSDocumentScannerImpl.java:112)
	at java.xml/com.sun.org.apache.xerces.internal.impl.XMLDocumentFragmentScannerImpl.scanDocument(XMLDocumentFragmentScannerImpl.java:534)
	at java.xml/com.sun.org.apache.xerces.internal.parsers.XML11Configuration.parse(XML11Configuration.java:888)
	at java.xml/com.sun.org.apache.xerces.internal.parsers.XML11Configuration.parse(XML11Configuration.java:824)
	at java.xml/com.sun.org.apache.xerces.internal.parsers.XMLParser.parse(XMLParser.java:141)
	at java.xml/com.sun.org.apache.xerces.internal.parsers.DOMParser.parse(DOMParser.java:246)
	at java.xml/com.sun.org.apache.xerces.internal.jaxp.DocumentBuilderImpl.parse(DocumentBuilderImpl.java:339)
	at org.springframework.beans.factory.xml.DefaultDocumentLoader.loadDocument(DefaultDocumentLoader.java:77)
	at org.springframework.beans.factory.xml.XmlBeanDefinitionReader.doLoadDocument(XmlBeanDefinitionReader.java:432)
	at org.springframework.beans.factory.xml.XmlBeanDefinitionReader.doLoadBeanDefinitions(XmlBeanDefinitionReader.java:390)
	... 31 more
2023-06-18 20:22:12,033 | ERROR | Failed to load: class path resource [activemq.xml], reason: Line 136 in XML document from class path resource [activemq.xml] is invalid; nested exception is org.xml.sax.SAXParseException; lineNumber: 136; columnNumber: 19; cvc-complex-type.2.4.a: Foi detectado um conteúdo inválido começando com o elemento '{"http://activemq.apache.org/schema/core":serializables}'. Era esperado um dos '{"http://activemq.apache.org/schema/core":authorizationPlugin, "http://activemq.apache.org/schema/core":connectionDotFilePlugin, "http://activemq.apache.org/schema/core":destinationDotFilePlugin, "http://activemq.apache.org/schema/core":destinationPathSeparatorPlugin, "http://activemq.apache.org/schema/core":destinationsPlugin, "http://activemq.apache.org/schema/core":discardingDLQBrokerPlugin, "http://activemq.apache.org/schema/core":forcePersistencyModeBrokerPlugin, "http://activemq.apache.org/schema/core":jaasAuthenticationPlugin, "http://activemq.apache.org/schema/core":jaasCertificateAuthenticationPlugin, "http://activemq.apache.org/schema/core":jaasDualAuthenticationPlugin, "http://activemq.apache.org/schema/core":loggingBrokerPlugin, "http://activemq.apache.org/schema/core":multicastTraceBrokerPlugin, "http://activemq.apache.org/schema/core":partitionBrokerPlugin, "http://activemq.apache.org/schema/core":redeliveryPlugin, "http://activemq.apache.org/schema/core":runtimeConfigurationPlugin, "http://activemq.apache.org/schema/core":simpleAuthenticationPlugin, "http://activemq.apache.org/schema/core":statisticsBrokerPlugin, "http://activemq.apache.org/schema/core":timeStampingBrokerPlugin, "http://activemq.apache.org/schema/core":traceBrokerPathPlugin, "http://activemq.apache.org/schema/core":udpTraceBrokerPlugin, "http://activemq.apache.org/schema/core":virtualSelectorCacheBrokerPlugin, WC[##other:"http://activemq.apache.org/schema/core"]}'. | org.apache.activemq.xbean.XBeanBrokerFactory | WrapperSimpleAppMain
org.springframework.beans.factory.xml.XmlBeanDefinitionStoreException: Line 136 in XML document from class path resource [activemq.xml] is invalid; nested exception is org.xml.sax.SAXParseException; lineNumber: 136; columnNumber: 19; cvc-complex-type.2.4.a: Foi detectado um conteúdo inválido começando com o elemento '{"http://activemq.apache.org/schema/core":serializables}'. Era esperado um dos '{"http://activemq.apache.org/schema/core":authorizationPlugin, "http://activemq.apache.org/schema/core":connectionDotFilePlugin, "http://activemq.apache.org/schema/core":destinationDotFilePlugin, "http://activemq.apache.org/schema/core":destinationPathSeparatorPlugin, "http://activemq.apache.org/schema/core":destinationsPlugin, "http://activemq.apache.org/schema/core":discardingDLQBrokerPlugin, "http://activemq.apache.org/schema/core":forcePersistencyModeBrokerPlugin, "http://activemq.apache.org/schema/core":jaasAuthenticationPlugin, "http://activemq.apache.org/schema/core":jaasCertificateAuthenticationPlugin, "http://activemq.apache.org/schema/core":jaasDualAuthenticationPlugin, "http://activemq.apache.org/schema/core":loggingBrokerPlugin, "http://activemq.apache.org/schema/core":multicastTraceBrokerPlugin, "http://activemq.apache.org/schema/core":partitionBrokerPlugin, "http://activemq.apache.org/schema/core":redeliveryPlugin, "http://activemq.apache.org/schema/core":runtimeConfigurationPlugin, "http://activemq.apache.org/schema/core":simpleAuthenticationPlugin, "http://activemq.apache.org/schema/core":statisticsBrokerPlugin, "http://activemq.apache.org/schema/core":timeStampingBrokerPlugin, "http://activemq.apache.org/schema/core":traceBrokerPathPlugin, "http://activemq.apache.org/schema/core":udpTraceBrokerPlugin, "http://activemq.apache.org/schema/core":virtualSelectorCacheBrokerPlugin, WC[##other:"http://activemq.apache.org/schema/core"]}'.
	at org.springframework.beans.factory.xml.XmlBeanDefinitionReader.doLoadBeanDefinitions(XmlBeanDefinitionReader.java:402)
	at org.springframework.beans.factory.xml.XmlBeanDefinitionReader.loadBeanDefinitions(XmlBeanDefinitionReader.java:338)
	at org.springframework.beans.factory.xml.XmlBeanDefinitionReader.loadBeanDefinitions(XmlBeanDefinitionReader.java:310)
	at org.apache.xbean.spring.context.ResourceXmlApplicationContext.loadBeanDefinitions(ResourceXmlApplicationContext.java:116)
	at org.apache.xbean.spring.context.ResourceXmlApplicationContext.loadBeanDefinitions(ResourceXmlApplicationContext.java:104)
	at org.springframework.context.support.AbstractRefreshableApplicationContext.refreshBeanFactory(AbstractRefreshableApplicationContext.java:130)
	at org.springframework.context.support.AbstractApplicationContext.obtainFreshBeanFactory(AbstractApplicationContext.java:671)
	at org.springframework.context.support.AbstractApplicationContext.refresh(AbstractApplicationContext.java:553)
	at org.apache.xbean.spring.context.ResourceXmlApplicationContext.<init>(ResourceXmlApplicationContext.java:64)
	at org.apache.xbean.spring.context.ResourceXmlApplicationContext.<init>(ResourceXmlApplicationContext.java:52)
	at org.apache.activemq.xbean.XBeanBrokerFactory$1.<init>(XBeanBrokerFactory.java:104)
	at org.apache.activemq.xbean.XBeanBrokerFactory.createApplicationContext(XBeanBrokerFactory.java:104)
	at org.apache.activemq.xbean.XBeanBrokerFactory.createBroker(XBeanBrokerFactory.java:67)
	at org.apache.activemq.broker.BrokerFactory.createBroker(BrokerFactory.java:71)
	at org.apache.activemq.broker.BrokerFactory.createBroker(BrokerFactory.java:54)
	at org.apache.activemq.console.command.StartCommand.runTask(StartCommand.java:87)
	at org.apache.activemq.console.command.AbstractCommand.execute(AbstractCommand.java:63)
	at org.apache.activemq.console.command.ShellCommand.runTask(ShellCommand.java:154)
	at org.apache.activemq.console.command.AbstractCommand.execute(AbstractCommand.java:63)
	at org.apache.activemq.console.command.ShellCommand.main(ShellCommand.java:104)
	at java.base/jdk.internal.reflect.NativeMethodAccessorImpl.invoke0(Native Method)
	at java.base/jdk.internal.reflect.NativeMethodAccessorImpl.invoke(NativeMethodAccessorImpl.java:62)
	at java.base/jdk.internal.reflect.DelegatingMethodAccessorImpl.invoke(DelegatingMethodAccessorImpl.java:43)
	at java.base/java.lang.reflect.Method.invoke(Method.java:566)
	at org.apache.activemq.console.Main.runTaskClass(Main.java:262)
	at org.apache.activemq.console.Main.main(Main.java:115)
	at java.base/jdk.internal.reflect.NativeMethodAccessorImpl.invoke0(Native Method)
	at java.base/jdk.internal.reflect.NativeMethodAccessorImpl.invoke(NativeMethodAccessorImpl.java:62)
	at java.base/jdk.internal.reflect.DelegatingMethodAccessorImpl.invoke(DelegatingMethodAccessorImpl.java:43)
	at java.base/java.lang.reflect.Method.invoke(Method.java:566)
	at org.tanukisoftware.wrapper.WrapperSimpleApp.run(WrapperSimpleApp.java:240)
	at java.base/java.lang.Thread.run(Thread.java:829)
Caused by: org.xml.sax.SAXParseException; lineNumber: 136; columnNumber: 19; cvc-complex-type.2.4.a: Foi detectado um conteúdo inválido começando com o elemento '{"http://activemq.apache.org/schema/core":serializables}'. Era esperado um dos '{"http://activemq.apache.org/schema/core":authorizationPlugin, "http://activemq.apache.org/schema/core":connectionDotFilePlugin, "http://activemq.apache.org/schema/core":destinationDotFilePlugin, "http://activemq.apache.org/schema/core":destinationPathSeparatorPlugin, "http://activemq.apache.org/schema/core":destinationsPlugin, "http://activemq.apache.org/schema/core":discardingDLQBrokerPlugin, "http://activemq.apache.org/schema/core":forcePersistencyModeBrokerPlugin, "http://activemq.apache.org/schema/core":jaasAuthenticationPlugin, "http://activemq.apache.org/schema/core":jaasCertificateAuthenticationPlugin, "http://activemq.apache.org/schema/core":jaasDualAuthenticationPlugin, "http://activemq.apache.org/schema/core":loggingBrokerPlugin, "http://activemq.apache.org/schema/core":multicastTraceBrokerPlugin, "http://activemq.apache.org/schema/core":partitionBrokerPlugin, "http://activemq.apache.org/schema/core":redeliveryPlugin, "http://activemq.apache.org/schema/core":runtimeConfigurationPlugin, "http://activemq.apache.org/schema/core":simpleAuthenticationPlugin, "http://activemq.apache.org/schema/core":statisticsBrokerPlugin, "http://activemq.apache.org/schema/core":timeStampingBrokerPlugin, "http://activemq.apache.org/schema/core":traceBrokerPathPlugin, "http://activemq.apache.org/schema/core":udpTraceBrokerPlugin, "http://activemq.apache.org/schema/core":virtualSelectorCacheBrokerPlugin, WC[##other:"http://activemq.apache.org/schema/core"]}'.
	at java.xml/com.sun.org.apache.xerces.internal.util.ErrorHandlerWrapper.createSAXParseException(ErrorHandlerWrapper.java:204)
	at java.xml/com.sun.org.apache.xerces.internal.util.ErrorHandlerWrapper.error(ErrorHandlerWrapper.java:135)
	at java.xml/com.sun.org.apache.xerces.internal.impl.XMLErrorReporter.reportError(XMLErrorReporter.java:396)
	at java.xml/com.sun.org.apache.xerces.internal.impl.XMLErrorReporter.reportError(XMLErrorReporter.java:327)
	at java.xml/com.sun.org.apache.xerces.internal.impl.XMLErrorReporter.reportError(XMLErrorReporter.java:284)
	at java.xml/com.sun.org.apache.xerces.internal.impl.xs.XMLSchemaValidator$XSIErrorReporter.reportError(XMLSchemaValidator.java:511)
	at java.xml/com.sun.org.apache.xerces.internal.impl.xs.XMLSchemaValidator.reportSchemaError(XMLSchemaValidator.java:3599)
	at java.xml/com.sun.org.apache.xerces.internal.impl.xs.XMLSchemaValidator.handleStartElement(XMLSchemaValidator.java:1971)
	at java.xml/com.sun.org.apache.xerces.internal.impl.xs.XMLSchemaValidator.startElement(XMLSchemaValidator.java:829)
	at java.xml/com.sun.org.apache.xerces.internal.impl.XMLNSDocumentScannerImpl.scanStartElement(XMLNSDocumentScannerImpl.java:374)
	at java.xml/com.sun.org.apache.xerces.internal.impl.XMLDocumentFragmentScannerImpl$FragmentContentDriver.next(XMLDocumentFragmentScannerImpl.java:2710)
	at java.xml/com.sun.org.apache.xerces.internal.impl.XMLDocumentScannerImpl.next(XMLDocumentScannerImpl.java:605)
	at java.xml/com.sun.org.apache.xerces.internal.impl.XMLNSDocumentScannerImpl.next(XMLNSDocumentScannerImpl.java:112)
	at java.xml/com.sun.org.apache.xerces.internal.impl.XMLDocumentFragmentScannerImpl.scanDocument(XMLDocumentFragmentScannerImpl.java:534)
	at java.xml/com.sun.org.apache.xerces.internal.parsers.XML11Configuration.parse(XML11Configuration.java:888)
	at java.xml/com.sun.org.apache.xerces.internal.parsers.XML11Configuration.parse(XML11Configuration.java:824)
	at java.xml/com.sun.org.apache.xerces.internal.parsers.XMLParser.parse(XMLParser.java:141)
	at java.xml/com.sun.org.apache.xerces.internal.parsers.DOMParser.parse(DOMParser.java:246)
	at java.xml/com.sun.org.apache.xerces.internal.jaxp.DocumentBuilderImpl.parse(DocumentBuilderImpl.java:339)
	at org.springframework.beans.factory.xml.DefaultDocumentLoader.loadDocument(DefaultDocumentLoader.java:77)
	at org.springframework.beans.factory.xml.XmlBeanDefinitionReader.doLoadDocument(XmlBeanDefinitionReader.java:432)
	at org.springframework.beans.factory.xml.XmlBeanDefinitionReader.doLoadBeanDefinitions(XmlBeanDefinitionReader.java:390)
	... 31 more
2023-06-18 20:31:13,989 | INFO  | Using Persistence Adapter: KahaDBPersistenceAdapter[/home/flavia/Documentos/projetosJAVA/apache-activemq-5.18.1/bin/linux-x86-64/../../data/kahadb] | org.apache.activemq.broker.BrokerService | WrapperSimpleAppMain
2023-06-18 20:31:14,010 | INFO  | Starting Persistence Adapter: KahaDBPersistenceAdapter[/home/flavia/Documentos/projetosJAVA/apache-activemq-5.18.1/bin/linux-x86-64/../../data/kahadb] | org.apache.activemq.broker.BrokerService | WrapperSimpleAppMain
2023-06-18 20:31:14,041 | INFO  | Starting KahaDBStore | org.apache.activemq.store.kahadb.KahaDBStore | WrapperSimpleAppMain
2023-06-18 20:31:14,042 | INFO  | Opening MessageDatabase | org.apache.activemq.store.kahadb.MessageDatabase | WrapperSimpleAppMain
2023-06-18 20:31:14,193 | INFO  | KahaDB is version 7 | org.apache.activemq.store.kahadb.MessageDatabase | WrapperSimpleAppMain
2023-06-18 20:31:14,500 | INFO  | Starting Temp Data Store | org.apache.activemq.broker.BrokerService | WrapperSimpleAppMain
2023-06-18 20:31:14,501 | INFO  | PListStore:[/home/flavia/Documentos/projetosJAVA/apache-activemq-5.18.1/bin/linux-x86-64/../../data/localhost/tmp_storage] started | org.apache.activemq.store.kahadb.plist.PListStoreImpl | WrapperSimpleAppMain
2023-06-18 20:31:14,501 | INFO  | Starting Job Scheduler Store | org.apache.activemq.broker.BrokerService | WrapperSimpleAppMain
2023-06-18 20:31:14,501 | INFO  | Persistence Adapter successfully started | org.apache.activemq.broker.BrokerService | WrapperSimpleAppMain
2023-06-18 20:31:14,695 | INFO  | Apache ActiveMQ 5.18.1 (localhost, ID:pc-flavia-33155-1687131074531-0:1) is starting | org.apache.activemq.broker.BrokerService | WrapperSimpleAppMain
2023-06-18 20:31:14,843 | INFO  | Listening for connections at: tcp://pc-flavia:61616?maximumConnections=1000&wireFormat.maxFrameSize=104857600 | org.apache.activemq.transport.TransportServerThreadSupport | WrapperSimpleAppMain
2023-06-18 20:31:14,844 | INFO  | Connector openwire started | org.apache.activemq.broker.TransportConnector | WrapperSimpleAppMain
2023-06-18 20:31:14,851 | INFO  | Listening for connections at: amqp://pc-flavia:5672?maximumConnections=1000&wireFormat.maxFrameSize=104857600 | org.apache.activemq.transport.TransportServerThreadSupport | WrapperSimpleAppMain
2023-06-18 20:31:14,852 | INFO  | Connector amqp started | org.apache.activemq.broker.TransportConnector | WrapperSimpleAppMain
2023-06-18 20:31:14,859 | INFO  | Listening for connections at: stomp://pc-flavia:61613?maximumConnections=1000&wireFormat.maxFrameSize=104857600 | org.apache.activemq.transport.TransportServerThreadSupport | WrapperSimpleAppMain
2023-06-18 20:31:14,862 | INFO  | Connector stomp started | org.apache.activemq.broker.TransportConnector | WrapperSimpleAppMain
2023-06-18 20:31:14,870 | INFO  | Listening for connections at: mqtt://pc-flavia:1883?maximumConnections=1000&wireFormat.maxFrameSize=104857600 | org.apache.activemq.transport.TransportServerThreadSupport | WrapperSimpleAppMain
2023-06-18 20:31:14,871 | INFO  | Connector mqtt started | org.apache.activemq.broker.TransportConnector | WrapperSimpleAppMain
2023-06-18 20:31:14,879 | INFO  | Starting Jetty server | org.apache.activemq.transport.WebTransportServerSupport | WrapperSimpleAppMain
2023-06-18 20:31:14,946 | INFO  | Creating Jetty connector | org.apache.activemq.transport.WebTransportServerSupport | WrapperSimpleAppMain
2023-06-18 20:31:15,054 | WARN  | ServletContext@o.e.j.s.ServletContextHandler@7a54da7c{/,null,STARTING} has uncovered http methods for path: / | org.eclipse.jetty.security.SecurityHandler | WrapperSimpleAppMain
2023-06-18 20:31:15,128 | INFO  | Listening for connections at ws://pc-flavia:61614?maximumConnections=1000&wireFormat.maxFrameSize=104857600 | org.apache.activemq.transport.ws.WSTransportServer | WrapperSimpleAppMain
2023-06-18 20:31:15,129 | INFO  | Connector ws started | org.apache.activemq.broker.TransportConnector | WrapperSimpleAppMain
2023-06-18 20:31:15,129 | INFO  | Apache ActiveMQ 5.18.1 (localhost, ID:pc-flavia-33155-1687131074531-0:1) started | org.apache.activemq.broker.BrokerService | WrapperSimpleAppMain
2023-06-18 20:31:15,130 | INFO  | For help or more information please see: http://activemq.apache.org | org.apache.activemq.broker.BrokerService | WrapperSimpleAppMain
2023-06-18 20:31:16,512 | INFO  | ActiveMQ WebConsole available at http://127.0.0.1:8161/ | org.apache.activemq.web.WebConsoleStarter | WrapperSimpleAppMain
2023-06-18 20:31:16,513 | INFO  | ActiveMQ Jolokia REST API available at http://127.0.0.1:8161/api/jolokia/ | org.apache.activemq.web.WebConsoleStarter | WrapperSimpleAppMain
2023-06-18 20:42:46,663 | INFO  | Apache ActiveMQ 5.18.1 (localhost, ID:pc-flavia-33155-1687131074531-0:1) is shutting down | org.apache.activemq.broker.BrokerService | Thread-23
2023-06-18 20:42:46,705 | INFO  | Connector openwire stopped | org.apache.activemq.broker.TransportConnector | Thread-23
2023-06-18 20:42:46,707 | INFO  | Connector amqp stopped | org.apache.activemq.broker.TransportConnector | Thread-23
2023-06-18 20:42:46,709 | INFO  | Connector stomp stopped | org.apache.activemq.broker.TransportConnector | Thread-23
2023-06-18 20:42:46,714 | INFO  | Connector mqtt stopped | org.apache.activemq.broker.TransportConnector | Thread-23
2023-06-18 20:42:46,724 | INFO  | Connector ws stopped | org.apache.activemq.broker.TransportConnector | Thread-23
2023-06-18 20:42:46,732 | INFO  | PListStore:[/home/flavia/Documentos/projetosJAVA/apache-activemq-5.18.1/bin/linux-x86-64/../../data/localhost/tmp_storage] stopped | org.apache.activemq.store.kahadb.plist.PListStoreImpl | Thread-23
2023-06-18 20:42:46,733 | INFO  | Stopping async queue tasks | org.apache.activemq.store.kahadb.KahaDBStore | Thread-23
2023-06-18 20:42:46,733 | INFO  | Stopping async topic tasks | org.apache.activemq.store.kahadb.KahaDBStore | Thread-23
2023-06-18 20:42:46,733 | INFO  | Stopped KahaDB | org.apache.activemq.store.kahadb.KahaDBStore | Thread-23
2023-06-18 20:42:46,753 | INFO  | Apache ActiveMQ 5.18.1 (localhost, ID:pc-flavia-33155-1687131074531-0:1) uptime 11 minutes | org.apache.activemq.broker.BrokerService | Thread-23
2023-06-18 20:42:46,753 | INFO  | Apache ActiveMQ 5.18.1 (localhost, ID:pc-flavia-33155-1687131074531-0:1) is shutdown | org.apache.activemq.broker.BrokerService | Thread-23
2023-06-18 20:51:10,709 | INFO  | Using Persistence Adapter: KahaDBPersistenceAdapter[/home/flavia/Documentos/projetosJAVA/apache-activemq-5.18.1/bin/linux-x86-64/../../data/kahadb] | org.apache.activemq.broker.BrokerService | WrapperSimpleAppMain
2023-06-18 20:51:10,727 | INFO  | Starting Persistence Adapter: KahaDBPersistenceAdapter[/home/flavia/Documentos/projetosJAVA/apache-activemq-5.18.1/bin/linux-x86-64/../../data/kahadb] | org.apache.activemq.broker.BrokerService | WrapperSimpleAppMain
2023-06-18 20:51:10,787 | INFO  | Starting KahaDBStore | org.apache.activemq.store.kahadb.KahaDBStore | WrapperSimpleAppMain
2023-06-18 20:51:10,787 | INFO  | Opening MessageDatabase | org.apache.activemq.store.kahadb.MessageDatabase | WrapperSimpleAppMain
2023-06-18 20:51:10,904 | INFO  | KahaDB is version 7 | org.apache.activemq.store.kahadb.MessageDatabase | WrapperSimpleAppMain
2023-06-18 20:51:11,448 | INFO  | Starting Temp Data Store | org.apache.activemq.broker.BrokerService | WrapperSimpleAppMain
2023-06-18 20:51:11,449 | INFO  | PListStore:[/home/flavia/Documentos/projetosJAVA/apache-activemq-5.18.1/bin/linux-x86-64/../../data/localhost/tmp_storage] started | org.apache.activemq.store.kahadb.plist.PListStoreImpl | WrapperSimpleAppMain
2023-06-18 20:51:11,449 | INFO  | Starting Job Scheduler Store | org.apache.activemq.broker.BrokerService | WrapperSimpleAppMain
2023-06-18 20:51:11,449 | INFO  | Persistence Adapter successfully started | org.apache.activemq.broker.BrokerService | WrapperSimpleAppMain
2023-06-18 20:51:11,700 | INFO  | Apache ActiveMQ 5.18.1 (localhost, ID:pc-flavia-37213-1687132271487-0:1) is starting | org.apache.activemq.broker.BrokerService | WrapperSimpleAppMain
2023-06-18 20:51:11,914 | INFO  | Listening for connections at: tcp://pc-flavia:61616?maximumConnections=1000&wireFormat.maxFrameSize=104857600 | org.apache.activemq.transport.TransportServerThreadSupport | WrapperSimpleAppMain
2023-06-18 20:51:11,917 | INFO  | Connector openwire started | org.apache.activemq.broker.TransportConnector | WrapperSimpleAppMain
2023-06-18 20:51:11,926 | INFO  | Listening for connections at: amqp://pc-flavia:5672?maximumConnections=1000&wireFormat.maxFrameSize=104857600 | org.apache.activemq.transport.TransportServerThreadSupport | WrapperSimpleAppMain
2023-06-18 20:51:11,927 | INFO  | Connector amqp started | org.apache.activemq.broker.TransportConnector | WrapperSimpleAppMain
2023-06-18 20:51:11,932 | INFO  | Listening for connections at: stomp://pc-flavia:61613?maximumConnections=1000&wireFormat.maxFrameSize=104857600 | org.apache.activemq.transport.TransportServerThreadSupport | WrapperSimpleAppMain
2023-06-18 20:51:11,933 | INFO  | Connector stomp started | org.apache.activemq.broker.TransportConnector | WrapperSimpleAppMain
2023-06-18 20:51:11,938 | INFO  | Listening for connections at: mqtt://pc-flavia:1883?maximumConnections=1000&wireFormat.maxFrameSize=104857600 | org.apache.activemq.transport.TransportServerThreadSupport | WrapperSimpleAppMain
2023-06-18 20:51:11,939 | INFO  | Connector mqtt started | org.apache.activemq.broker.TransportConnector | WrapperSimpleAppMain
2023-06-18 20:51:11,951 | INFO  | Starting Jetty server | org.apache.activemq.transport.WebTransportServerSupport | WrapperSimpleAppMain
2023-06-18 20:51:12,013 | INFO  | Creating Jetty connector | org.apache.activemq.transport.WebTransportServerSupport | WrapperSimpleAppMain
2023-06-18 20:51:12,128 | WARN  | ServletContext@o.e.j.s.ServletContextHandler@3403c8d1{/,null,STARTING} has uncovered http methods for path: / | org.eclipse.jetty.security.SecurityHandler | WrapperSimpleAppMain
2023-06-18 20:51:12,237 | INFO  | Listening for connections at ws://pc-flavia:61614?maximumConnections=1000&wireFormat.maxFrameSize=104857600 | org.apache.activemq.transport.ws.WSTransportServer | WrapperSimpleAppMain
2023-06-18 20:51:12,238 | INFO  | Connector ws started | org.apache.activemq.broker.TransportConnector | WrapperSimpleAppMain
2023-06-18 20:51:12,238 | INFO  | Apache ActiveMQ 5.18.1 (localhost, ID:pc-flavia-37213-1687132271487-0:1) started | org.apache.activemq.broker.BrokerService | WrapperSimpleAppMain
2023-06-18 20:51:12,238 | INFO  | For help or more information please see: http://activemq.apache.org | org.apache.activemq.broker.BrokerService | WrapperSimpleAppMain
2023-06-18 20:51:13,782 | INFO  | ActiveMQ WebConsole available at http://127.0.0.1:8161/ | org.apache.activemq.web.WebConsoleStarter | WrapperSimpleAppMain
2023-06-18 20:51:13,782 | INFO  | ActiveMQ Jolokia REST API available at http://127.0.0.1:8161/api/jolokia/ | org.apache.activemq.web.WebConsoleStarter | WrapperSimpleAppMain
2023-06-18 21:16:00,374 | INFO  | Apache ActiveMQ 5.18.1 (localhost, ID:pc-flavia-37213-1687132271487-0:1) is shutting down | org.apache.activemq.broker.BrokerService | Thread-23
2023-06-18 21:16:00,382 | INFO  | Connector openwire stopped | org.apache.activemq.broker.TransportConnector | Thread-23
2023-06-18 21:16:00,383 | INFO  | Connector amqp stopped | org.apache.activemq.broker.TransportConnector | Thread-23
2023-06-18 21:16:00,384 | INFO  | Connector stomp stopped | org.apache.activemq.broker.TransportConnector | Thread-23
2023-06-18 21:16:00,386 | INFO  | Connector mqtt stopped | org.apache.activemq.broker.TransportConnector | Thread-23
2023-06-18 21:16:00,396 | INFO  | Connector ws stopped | org.apache.activemq.broker.TransportConnector | Thread-23
2023-06-18 21:16:00,402 | INFO  | PListStore:[/home/flavia/Documentos/projetosJAVA/apache-activemq-5.18.1/bin/linux-x86-64/../../data/localhost/tmp_storage] stopped | org.apache.activemq.store.kahadb.plist.PListStoreImpl | Thread-23
2023-06-18 21:16:00,402 | INFO  | Stopping async queue tasks | org.apache.activemq.store.kahadb.KahaDBStore | Thread-23
2023-06-18 21:16:00,402 | INFO  | Stopping async topic tasks | org.apache.activemq.store.kahadb.KahaDBStore | Thread-23
2023-06-18 21:16:00,403 | INFO  | Stopped KahaDB | org.apache.activemq.store.kahadb.KahaDBStore | Thread-23
2023-06-18 21:16:00,419 | INFO  | Apache ActiveMQ 5.18.1 (localhost, ID:pc-flavia-37213-1687132271487-0:1) uptime 24 minutes | org.apache.activemq.broker.BrokerService | Thread-23
2023-06-18 21:16:00,419 | INFO  | Apache ActiveMQ 5.18.1 (localhost, ID:pc-flavia-37213-1687132271487-0:1) is shutdown | org.apache.activemq.broker.BrokerService | Thread-23
2023-06-19 10:20:46,407 | INFO  | Using Persistence Adapter: KahaDBPersistenceAdapter[/home/flavia/Documentos/projetosJAVA/Sistemas_Distribuidos/Trab_2bi_SistDistribuido/apache-activemq-5.18.1/bin/linux-x86-64/../../data/kahadb] | org.apache.activemq.broker.BrokerService | WrapperSimpleAppMain
2023-06-19 10:20:46,418 | INFO  | Starting Persistence Adapter: KahaDBPersistenceAdapter[/home/flavia/Documentos/projetosJAVA/Sistemas_Distribuidos/Trab_2bi_SistDistribuido/apache-activemq-5.18.1/bin/linux-x86-64/../../data/kahadb] | org.apache.activemq.broker.BrokerService | WrapperSimpleAppMain
2023-06-19 10:20:46,442 | INFO  | Starting KahaDBStore | org.apache.activemq.store.kahadb.KahaDBStore | WrapperSimpleAppMain
2023-06-19 10:20:46,443 | INFO  | Opening MessageDatabase | org.apache.activemq.store.kahadb.MessageDatabase | WrapperSimpleAppMain
2023-06-19 10:20:46,513 | INFO  | KahaDB is version 7 | org.apache.activemq.store.kahadb.MessageDatabase | WrapperSimpleAppMain
2023-06-19 10:20:46,806 | INFO  | Starting Temp Data Store | org.apache.activemq.broker.BrokerService | WrapperSimpleAppMain
2023-06-19 10:20:46,807 | INFO  | PListStore:[/home/flavia/Documentos/projetosJAVA/Sistemas_Distribuidos/Trab_2bi_SistDistribuido/apache-activemq-5.18.1/bin/linux-x86-64/../../data/localhost/tmp_storage] started | org.apache.activemq.store.kahadb.plist.PListStoreImpl | WrapperSimpleAppMain
2023-06-19 10:20:46,807 | INFO  | Starting Job Scheduler Store | org.apache.activemq.broker.BrokerService | WrapperSimpleAppMain
2023-06-19 10:20:46,807 | INFO  | Persistence Adapter successfully started | org.apache.activemq.broker.BrokerService | WrapperSimpleAppMain
2023-06-19 10:20:46,994 | INFO  | Apache ActiveMQ 5.18.1 (localhost, ID:pc-flavia-42943-1687180846831-0:1) is starting | org.apache.activemq.broker.BrokerService | WrapperSimpleAppMain
2023-06-19 10:20:47,139 | INFO  | Listening for connections at: tcp://pc-flavia:61616?maximumConnections=1000&wireFormat.maxFrameSize=104857600 | org.apache.activemq.transport.TransportServerThreadSupport | WrapperSimpleAppMain
2023-06-19 10:20:47,140 | INFO  | Connector openwire started | org.apache.activemq.broker.TransportConnector | WrapperSimpleAppMain
2023-06-19 10:20:47,145 | INFO  | Listening for connections at: amqp://pc-flavia:5672?maximumConnections=1000&wireFormat.maxFrameSize=104857600 | org.apache.activemq.transport.TransportServerThreadSupport | WrapperSimpleAppMain
2023-06-19 10:20:47,146 | INFO  | Connector amqp started | org.apache.activemq.broker.TransportConnector | WrapperSimpleAppMain
2023-06-19 10:20:47,152 | INFO  | Listening for connections at: stomp://pc-flavia:61613?maximumConnections=1000&wireFormat.maxFrameSize=104857600 | org.apache.activemq.transport.TransportServerThreadSupport | WrapperSimpleAppMain
2023-06-19 10:20:47,152 | INFO  | Connector stomp started | org.apache.activemq.broker.TransportConnector | WrapperSimpleAppMain
2023-06-19 10:20:47,158 | INFO  | Listening for connections at: mqtt://pc-flavia:1883?maximumConnections=1000&wireFormat.maxFrameSize=104857600 | org.apache.activemq.transport.TransportServerThreadSupport | WrapperSimpleAppMain
2023-06-19 10:20:47,158 | INFO  | Connector mqtt started | org.apache.activemq.broker.TransportConnector | WrapperSimpleAppMain
2023-06-19 10:20:47,169 | INFO  | Starting Jetty server | org.apache.activemq.transport.WebTransportServerSupport | WrapperSimpleAppMain
2023-06-19 10:20:47,232 | INFO  | Creating Jetty connector | org.apache.activemq.transport.WebTransportServerSupport | WrapperSimpleAppMain
2023-06-19 10:20:47,336 | WARN  | ServletContext@o.e.j.s.ServletContextHandler@3403c8d1{/,null,STARTING} has uncovered http methods for path: / | org.eclipse.jetty.security.SecurityHandler | WrapperSimpleAppMain
2023-06-19 10:20:47,401 | INFO  | Listening for connections at ws://pc-flavia:61614?maximumConnections=1000&wireFormat.maxFrameSize=104857600 | org.apache.activemq.transport.ws.WSTransportServer | WrapperSimpleAppMain
2023-06-19 10:20:47,402 | INFO  | Connector ws started | org.apache.activemq.broker.TransportConnector | WrapperSimpleAppMain
2023-06-19 10:20:47,402 | INFO  | Apache ActiveMQ 5.18.1 (localhost, ID:pc-flavia-42943-1687180846831-0:1) started | org.apache.activemq.broker.BrokerService | WrapperSimpleAppMain
2023-06-19 10:20:47,402 | INFO  | For help or more information please see: http://activemq.apache.org | org.apache.activemq.broker.BrokerService | WrapperSimpleAppMain
2023-06-19 10:20:48,181 | INFO  | ActiveMQ WebConsole available at http://127.0.0.1:8161/ | org.apache.activemq.web.WebConsoleStarter | WrapperSimpleAppMain
2023-06-19 10:20:48,182 | INFO  | ActiveMQ Jolokia REST API available at http://127.0.0.1:8161/api/jolokia/ | org.apache.activemq.web.WebConsoleStarter | WrapperSimpleAppMain
